===================================
   JKA Movie Battles II Crash Log  
===================================
Process File Name: E:\SteamLibrary\steamapps\common\Jedi Academy\GameData\mbiided.x86.exe
Module File Name: OJKA193.tmp (jampgame)
Exception Code: 0xC0000005 (Access Violation)
Exception Address: 0x1177DCA5 (OJKA193.tmp+0x14DCA5)

-----------------------------------
           Register Dump           
-----------------------------------
General Purpose & Control Registers:
EAX: 0x2026FF39, EBX: 0x00000000, ECX: 0x00000001
EDX: 0x00000001, EBP: 0x0F67FA14, EDI: 0x00000001
EIP: 0x1177DCA5, ESI: 0x00000000, ESP: 0x0F67F504

Segment Registers:
CS: 0x00000023, DS: 0x0000002B, ES: 0x0000002B
FS: 0x00000053, GS: 0x0000002B, SS: 0x0000002B

-----------------------------------
          Call Stack Trace           
-----------------------------------
OJKA193.tmp(dllEntry+0x967C5) [0x1177DCA5]
OJKA193.tmp(vmMain+0x50) [0x116C8900]
mbiided.x86.exe(openjk_minizip_malloc+0x5983C) [0x8BFE72]
mbiided.x86.exe(openjk_minizip_malloc+0xD5C18) [0x93C24E]
mbiided.x86.exe(openjk_minizip_malloc+0xE3074) [0x9496AA]
mbiided.x86.exe(openjk_minizip_malloc+0xCB5AD) [0x931BE3]
mbiided.x86.exe(openjk_minizip_malloc+0xCBFE0) [0x932616]
mbiided.x86.exe(openjk_minizip_malloc+0x13E7A0) [0x9A4DD6]
mbiided.x86.exe(openjk_minizip_malloc+0x141C66) [0x9A829C]
KERNELBASE.dll(CtrlRoutine+0x1C3) [0x75F3B503]
KERNEL32.DLL(BaseThreadInitThunk+0x19) [0x75B66359]
ntdll.dll(RtlGetAppContainerNamedObjectPath+0xE4) [0x77248944]
ntdll.dll(RtlGetAppContainerNamedObjectPath+0xB4) [0x77248914]

-----------------------------------
           JKA Information           
-----------------------------------
Map: nr_battle_of_kamino
Gametype: 0
Server Time: 0 ms
Map Time: 0 ms
Scores: 0 0 (Red,Blue)

Players Count: 0/0
        Slot Name                             Ping                     IP Team
